C:\USERS\VOSTRO 3568\DOCUMENTS\VISUAL STUDIO 2010\PROJECTS\SS7_GUI\DEBUG\SS7_GUI.EXE
C:\USERS\VOSTRO 3568\DOCUMENTS\VISUAL STUDIO 2010\PROJECTS\SS7_GUI\DEBUG\SS7_GUI.ILK
C:\USERS\VOSTRO 3568\DOCUMENTS\VISUAL STUDIO 2010\PROJECTS\SS7_GUI\DEBUG\SS7_GUI.PDB
C:\USERS\VOSTRO 3568\DOCUMENTS\VISUAL STUDIO 2010\PROJECTS\SS7_GUI\SS7_GUI\DEBUG\.NETFRAMEWORK,VERSION=V4.0.ASSEMBLYATTRIBUTES.OBJ
C:\USERS\VOSTRO 3568\DOCUMENTS\VISUAL STUDIO 2010\PROJECTS\SS7_GUI\SS7_GUI\DEBUG\APP.RES
C:\USERS\VOSTRO 3568\DOCUMENTS\VISUAL STUDIO 2010\PROJECTS\SS7_GUI\SS7_GUI\DEBUG\ASSEMBLYINFO.OBJ
c:\Users\vostro 3568\documents\visual studio 2010\Projects\SS7_GUI\SS7_GUI\Debug\cl.command.1.tlog
c:\Users\vostro 3568\documents\visual studio 2010\Projects\SS7_GUI\SS7_GUI\Debug\CL.read.1.tlog
c:\Users\vostro 3568\documents\visual studio 2010\Projects\SS7_GUI\SS7_GUI\Debug\CL.write.1.tlog
C:\USERS\VOSTRO 3568\DOCUMENTS\VISUAL STUDIO 2010\PROJECTS\SS7_GUI\SS7_GUI\DEBUG\CRUD.OBJ
C:\USERS\VOSTRO 3568\DOCUMENTS\VISUAL STUDIO 2010\PROJECTS\SS7_GUI\SS7_GUI\DEBUG\HELP.OBJ
c:\Users\vostro 3568\documents\visual studio 2010\Projects\SS7_GUI\SS7_GUI\Debug\link.15500.read.1.tlog
c:\Users\vostro 3568\documents\visual studio 2010\Projects\SS7_GUI\SS7_GUI\Debug\link.15500.write.1.tlog
c:\Users\vostro 3568\documents\visual studio 2010\Projects\SS7_GUI\SS7_GUI\Debug\link.15500-cvtres.read.1.tlog
c:\Users\vostro 3568\documents\visual studio 2010\Projects\SS7_GUI\SS7_GUI\Debug\link.15500-cvtres.write.1.tlog
c:\Users\vostro 3568\documents\visual studio 2010\Projects\SS7_GUI\SS7_GUI\Debug\link.5948.read.1.tlog
c:\Users\vostro 3568\documents\visual studio 2010\Projects\SS7_GUI\SS7_GUI\Debug\link.5948.write.1.tlog
c:\Users\vostro 3568\documents\visual studio 2010\Projects\SS7_GUI\SS7_GUI\Debug\link.5948-cvtres.read.1.tlog
c:\Users\vostro 3568\documents\visual studio 2010\Projects\SS7_GUI\SS7_GUI\Debug\link.5948-cvtres.write.1.tlog
c:\Users\vostro 3568\documents\visual studio 2010\Projects\SS7_GUI\SS7_GUI\Debug\link.command.1.tlog
c:\Users\vostro 3568\documents\visual studio 2010\Projects\SS7_GUI\SS7_GUI\Debug\link.read.1.tlog
c:\Users\vostro 3568\documents\visual studio 2010\Projects\SS7_GUI\SS7_GUI\Debug\link.write.1.tlog
c:\Users\vostro 3568\documents\visual studio 2010\Projects\SS7_GUI\SS7_GUI\Debug\mt.command.1.tlog
c:\Users\vostro 3568\documents\visual studio 2010\Projects\SS7_GUI\SS7_GUI\Debug\mt.read.1.tlog
c:\Users\vostro 3568\documents\visual studio 2010\Projects\SS7_GUI\SS7_GUI\Debug\mt.write.1.tlog
c:\Users\vostro 3568\documents\visual studio 2010\Projects\SS7_GUI\SS7_GUI\Debug\rc.command.1.tlog
c:\Users\vostro 3568\documents\visual studio 2010\Projects\SS7_GUI\SS7_GUI\Debug\rc.read.1.tlog
c:\Users\vostro 3568\documents\visual studio 2010\Projects\SS7_GUI\SS7_GUI\Debug\rc.write.1.tlog
c:\Users\vostro 3568\documents\visual studio 2010\Projects\SS7_GUI\SS7_GUI\Debug\SS7_GUI.CRUD.resources
C:\USERS\VOSTRO 3568\DOCUMENTS\VISUAL STUDIO 2010\PROJECTS\SS7_GUI\SS7_GUI\DEBUG\SS7_GUI.EXE.INTERMEDIATE.MANIFEST
c:\Users\vostro 3568\documents\visual studio 2010\Projects\SS7_GUI\SS7_GUI\Debug\SS7_GUI.Form1.resources
c:\Users\vostro 3568\documents\visual studio 2010\Projects\SS7_GUI\SS7_GUI\Debug\SS7_GUI.help.resources
C:\USERS\VOSTRO 3568\DOCUMENTS\VISUAL STUDIO 2010\PROJECTS\SS7_GUI\SS7_GUI\DEBUG\SS7_GUI.OBJ
C:\USERS\VOSTRO 3568\DOCUMENTS\VISUAL STUDIO 2010\PROJECTS\SS7_GUI\SS7_GUI\DEBUG\SS7_GUI.PCH
c:\Users\vostro 3568\documents\visual studio 2010\Projects\SS7_GUI\SS7_GUI\Debug\SS7_GUI.vcxproj.GenerateResource.Cache
c:\Users\vostro 3568\documents\visual studio 2010\Projects\SS7_GUI\SS7_GUI\Debug\SS7_GUI.vcxprojResolveAssemblyReference.cache
c:\Users\vostro 3568\documents\visual studio 2010\Projects\SS7_GUI\SS7_GUI\Debug\SS7_GUI.write.1.tlog
C:\USERS\VOSTRO 3568\DOCUMENTS\VISUAL STUDIO 2010\PROJECTS\SS7_GUI\SS7_GUI\DEBUG\STDAFX.OBJ
C:\USERS\VOSTRO 3568\DOCUMENTS\VISUAL STUDIO 2010\PROJECTS\SS7_GUI\SS7_GUI\DEBUG\VC100.PDB
