C:\USERS\VOSTRO 3568\DOCUMENTS\VISUAL STUDIO 2010\PROJECTS\SS7_GUI\RELEASE\SS7_GUI.EXE
C:\USERS\VOSTRO 3568\DOCUMENTS\VISUAL STUDIO 2010\PROJECTS\SS7_GUI\RELEASE\SS7_GUI.PDB
C:\USERS\VOSTRO 3568\DOCUMENTS\VISUAL STUDIO 2010\PROJECTS\SS7_GUI\SS7_GUI\RELEASE\.NETFRAMEWORK,VERSION=V4.0.ASSEMBLYATTRIBUTES.OBJ
C:\USERS\VOSTRO 3568\DOCUMENTS\VISUAL STUDIO 2010\PROJECTS\SS7_GUI\SS7_GUI\RELEASE\APP.RES
C:\USERS\VOSTRO 3568\DOCUMENTS\VISUAL STUDIO 2010\PROJECTS\SS7_GUI\SS7_GUI\RELEASE\ASSEMBLYINFO.OBJ
C:\Users\Vostro 3568\Documents\Visual Studio 2010\Projects\SS7_GUI\SS7_GUI\Release\cl.command.1.tlog
C:\Users\Vostro 3568\Documents\Visual Studio 2010\Projects\SS7_GUI\SS7_GUI\Release\CL.read.1.tlog
C:\Users\Vostro 3568\Documents\Visual Studio 2010\Projects\SS7_GUI\SS7_GUI\Release\CL.write.1.tlog
C:\USERS\VOSTRO 3568\DOCUMENTS\VISUAL STUDIO 2010\PROJECTS\SS7_GUI\SS7_GUI\RELEASE\CRUD.OBJ
C:\USERS\VOSTRO 3568\DOCUMENTS\VISUAL STUDIO 2010\PROJECTS\SS7_GUI\SS7_GUI\RELEASE\HELP.OBJ
C:\Users\Vostro 3568\Documents\Visual Studio 2010\Projects\SS7_GUI\SS7_GUI\Release\INTEROP.VSFLEX6.1.0.DLL.metagen
C:\Users\Vostro 3568\Documents\Visual Studio 2010\Projects\SS7_GUI\SS7_GUI\Release\link.command.1.tlog
C:\Users\Vostro 3568\Documents\Visual Studio 2010\Projects\SS7_GUI\SS7_GUI\Release\link.read.1.tlog
C:\Users\Vostro 3568\Documents\Visual Studio 2010\Projects\SS7_GUI\SS7_GUI\Release\link.write.1.tlog
C:\Users\Vostro 3568\Documents\Visual Studio 2010\Projects\SS7_GUI\SS7_GUI\Release\link-cvtres.read.1.tlog
C:\Users\Vostro 3568\Documents\Visual Studio 2010\Projects\SS7_GUI\SS7_GUI\Release\link-cvtres.write.1.tlog
C:\Users\Vostro 3568\Documents\Visual Studio 2010\Projects\SS7_GUI\SS7_GUI\Release\metagen.read.1.tlog
C:\USERS\VOSTRO 3568\DOCUMENTS\VISUAL STUDIO 2010\PROJECTS\SS7_GUI\SS7_GUI\RELEASE\METAGEN.WRITE.1.TLOG
C:\Users\Vostro 3568\Documents\Visual Studio 2010\Projects\SS7_GUI\SS7_GUI\Release\mt.command.1.tlog
C:\Users\Vostro 3568\Documents\Visual Studio 2010\Projects\SS7_GUI\SS7_GUI\Release\mt.read.1.tlog
C:\Users\Vostro 3568\Documents\Visual Studio 2010\Projects\SS7_GUI\SS7_GUI\Release\mt.write.1.tlog
C:\Users\Vostro 3568\Documents\Visual Studio 2010\Projects\SS7_GUI\SS7_GUI\Release\rc.command.1.tlog
C:\Users\Vostro 3568\Documents\Visual Studio 2010\Projects\SS7_GUI\SS7_GUI\Release\rc.read.1.tlog
C:\Users\Vostro 3568\Documents\Visual Studio 2010\Projects\SS7_GUI\SS7_GUI\Release\rc.write.1.tlog
C:\Users\Vostro 3568\Documents\Visual Studio 2010\Projects\SS7_GUI\SS7_GUI\Release\SS7_GUI.CRUD.resources
C:\USERS\VOSTRO 3568\DOCUMENTS\VISUAL STUDIO 2010\PROJECTS\SS7_GUI\SS7_GUI\RELEASE\SS7_GUI.EXE.INTERMEDIATE.MANIFEST
C:\Users\Vostro 3568\Documents\Visual Studio 2010\Projects\SS7_GUI\SS7_GUI\Release\SS7_GUI.Form1.resources
C:\Users\Vostro 3568\Documents\Visual Studio 2010\Projects\SS7_GUI\SS7_GUI\Release\SS7_GUI.help.resources
C:\USERS\VOSTRO 3568\DOCUMENTS\VISUAL STUDIO 2010\PROJECTS\SS7_GUI\SS7_GUI\RELEASE\SS7_GUI.OBJ
C:\USERS\VOSTRO 3568\DOCUMENTS\VISUAL STUDIO 2010\PROJECTS\SS7_GUI\SS7_GUI\RELEASE\SS7_GUI.PCH
C:\Users\Vostro 3568\Documents\Visual Studio 2010\Projects\SS7_GUI\SS7_GUI\Release\SS7_GUI.vcxproj.GenerateResource.Cache
C:\Users\Vostro 3568\Documents\Visual Studio 2010\Projects\SS7_GUI\SS7_GUI\Release\SS7_GUI.vcxproj.ResolveComReference.cache
C:\Users\Vostro 3568\Documents\Visual Studio 2010\Projects\SS7_GUI\SS7_GUI\Release\SS7_GUI.write.1.tlog
C:\USERS\VOSTRO 3568\DOCUMENTS\VISUAL STUDIO 2010\PROJECTS\SS7_GUI\SS7_GUI\RELEASE\STDAFX.OBJ
C:\Users\Vostro 3568\Documents\Visual Studio 2010\Projects\SS7_GUI\SS7_GUI\Release\TZRES.DLL.bi
C:\USERS\VOSTRO 3568\DOCUMENTS\VISUAL STUDIO 2010\PROJECTS\SS7_GUI\SS7_GUI\RELEASE\VC100.PDB
